<?xml version="1.0" encoding="UTF-8" ?>
<testsuite 
errors="0" failures="0" hostname="montgomery" name="org.scalatest.junit.JUnitWrapperSuite" tests="0" time="0.022" timestamp="2022-11-02T20:12:02">
  <properties>
    <property name="java.runtime.name" value="OpenJDK Runtime Environment"/>
    <property name="java.vm.version" value="11.0.17+8-LTS"/>
    <property 
    name="sun.boot.library.path" value="/usr/lib/jvm/java-11-openjdk-11.0.17.0.8-2.el8_6.x86_64/lib">
</property>
    <property name="java.vm.vendor" value="Red Hat, Inc."/>
    <property name="java.vendor.url" value="https://www.redhat.com/"/>
    <property name="path.separator" value=":"/>
    <property name="java.vm.name" value="OpenJDK 64-Bit Server VM"/>
    <property name="sun.os.patch.level" value="unknown"/>
    <property name="user.country" value="US"/>
    <property name="sun.java.launcher" value="SUN_STANDARD"/>
    <property 
    name="java.vm.specification.name" value="Java Virtual Machine Specification">
</property>
    <property 
    name="user.dir" value="/s/chopin/n/under/ms675199/CS435/CS435-PA3/PageRank">
</property>
    <property name="java.vm.compressedOopsMode" value="Zero based"/>
    <property name="java.runtime.version" value="11.0.17+8-LTS"/>
    <property 
    name="java.awt.graphicsenv" value="sun.awt.X11GraphicsEnvironment">
</property>
    <property 
    name="basedir" value="/s/chopin/n/under/ms675199/CS435/CS435-PA3/PageRank">
</property>
    <property name="os.arch" value="amd64"/>
    <property name="java.io.tmpdir" value="/tmp"/>
    <property name="line.separator" value=" "/>
    <property name="java.vm.specification.vendor" value="Oracle Corporation"/>
    <property name="os.name" value="Linux"/>
    <property name="sun.jnu.encoding" value="UTF-8"/>
    <property 
    name="java.library.path" value=":/usr/java/packages/lib:/usr/lib64:/lib64:/lib:/usr/lib">
</property>
    <property name="jdk.debug" value="release"/>
    <property name="java.class.version" value="55.0"/>
    <property 
    name="java.specification.name" value="Java Platform API Specification">
</property>
    <property 
    name="sun.management.compiler" value="HotSpot 64-Bit Tiered Compilers">
</property>
    <property name="os.version" value="4.18.0-372.26.1.el8_6.x86_64"/>
    <property name="user.home" value="/s/chopin/n/under/ms675199"/>
    <property name="user.timezone" value=""/>
    <property name="java.awt.printerjob" value="sun.print.PSPrinterJob"/>
    <property name="file.encoding" value="UTF-8"/>
    <property name="java.specification.version" value="11"/>
    <property name="user.name" value="ms675199"/>
    <property 
    name="java.class.path" value="/s/chopin/n/under/ms675199/CS435/CS435-PA3/PageRank/target/test-classes:/s/chopin/n/under/ms675199/CS435/CS435-PA3/PageRank/target/classes:/s/chopin/n/under/ms675199/.m2/repository/org/scala-lang/scala-library/2.12.6/scala-library-2.12.6.jar:/s/chopin/n/under/ms675199/.m2/repository/junit/junit/4.12/junit-4.12.jar:/s/chopin/n/under/ms675199/.m2/repository/org/hamcrest/hamcrest-core/1.3/hamcrest-core-1.3.jar:/s/chopin/n/under/ms675199/.m2/repository/org/scalatest/scalatest_2.12/3.0.5/scalatest_2.12-3.0.5.jar:/s/chopin/n/under/ms675199/.m2/repository/org/scalactic/scalactic_2.12/3.0.5/scalactic_2.12-3.0.5.jar:/s/chopin/n/under/ms675199/.m2/repository/org/scala-lang/scala-reflect/2.12.4/scala-reflect-2.12.4.jar:/s/chopin/n/under/ms675199/.m2/repository/org/scala-lang/modules/scala-xml_2.12/1.0.6/scala-xml_2.12-1.0.6.jar:/s/chopin/n/under/ms675199/.m2/repository/org/specs2/specs2-core_2.12/4.2.0/specs2-core_2.12-4.2.0.jar:/s/chopin/n/under/ms675199/.m2/repository/org/specs2/specs2-matcher_2.12/4.2.0/specs2-matcher_2.12-4.2.0.jar:/s/chopin/n/under/ms675199/.m2/repository/org/specs2/specs2-common_2.12/4.2.0/specs2-common_2.12-4.2.0.jar:/s/chopin/n/under/ms675199/.m2/repository/org/specs2/specs2-fp_2.12/4.2.0/specs2-fp_2.12-4.2.0.jar:/s/chopin/n/under/ms675199/.m2/repository/org/scala-lang/modules/scala-parser-combinators_2.12/1.1.0/scala-parser-combinators_2.12-1.1.0.jar:/s/chopin/n/under/ms675199/.m2/repository/org/scala-sbt/test-interface/1.0/test-interface-1.0.jar:/s/chopin/n/under/ms675199/.m2/repository/org/specs2/specs2-junit_2.12/4.2.0/specs2-junit_2.12-4.2.0.jar">
</property>
    <property name="java.vm.specification.version" value="11"/>
    <property name="sun.arch.data.model" value="64"/>
    <property 
    name="sun.java.command" value="org.scalatest.tools.Runner -R /s/chopin/n/under/ms675199/CS435/CS435-PA3/PageRank/target/classes /s/chopin/n/under/ms675199/CS435/CS435-PA3/PageRank/target/test-classes -j samples.AppTest -o -f /s/chopin/n/under/ms675199/CS435/CS435-PA3/PageRank/target/surefire-reports/TestSuiteReport.txt -u /s/chopin/n/under/ms675199/CS435/CS435-PA3/PageRank/target/surefire-reports/.">
</property>
    <property 
    name="java.home" value="/usr/lib/jvm/java-11-openjdk-11.0.17.0.8-2.el8_6.x86_64">
</property>
    <property name="user.language" value="en"/>
    <property name="java.specification.vendor" value="Oracle Corporation"/>
    <property name="awt.toolkit" value="sun.awt.X11.XToolkit"/>
    <property name="java.vm.info" value="mixed mode, sharing"/>
    <property name="java.version" value="11.0.17"/>
    <property name="java.vendor" value="Red Hat, Inc."/>
    <property name="file.separator" value="/"/>
    <property name="java.version.date" value="2022-10-18"/>
    <property 
    name="java.vendor.url.bug" value="https://bugzilla.redhat.com/enter_bug.cgi?product=Red%20Hat%20Enterprise%20Linux%208&amp;component=java-11-openjdk">
</property>
    <property name="sun.io.unicode.encoding" value="UnicodeLittle"/>
    <property name="sun.cpu.endian" value="little"/>
    <property name="java.vendor.version" value="(Red_Hat-11.0.17.0.8-2.el8_6)">
    </property>
    <property name="sun.cpu.isalist" value=""/>
  </properties>
  <system-out><![CDATA[]]></system-out>
  <system-err><![CDATA[]]></system-err>
</testsuite>
